<?xml version="1.0" encoding="UTF-8"?>
<testsuite name="com.xpergroup.servicesCats.application.service.BreedsServiceApplicationTest" tests="4" skipped="0" failures="0" errors="0" timestamp="2024-03-06T02:52:36" hostname="DESKTOP-0TSEDKM" time="0.38">
  <properties/>
  <testcase name="testBreedSearchSuccess()" classname="com.xpergroup.servicesCats.application.service.BreedsServiceApplicationTest" time="0.351"/>
  <testcase name="testBreedsAllSuccess()" classname="com.xpergroup.servicesCats.application.service.BreedsServiceApplicationTest" time="0.006"/>
  <testcase name="testBreedByIdExistingId()" classname="com.xpergroup.servicesCats.application.service.BreedsServiceApplicationTest" time="0.007"/>
  <testcase name="testBreedByIdNonExistingId()" classname="com.xpergroup.servicesCats.application.service.BreedsServiceApplicationTest" time="0.004"/>
  <system-out><![CDATA[2024-03-05T21:52:36.214-05:00  INFO 14248 --- [    Test worker] c.x.s.a.s.BreedsServiceApplication       : Searching breeds with searchField: Siamese and attachImage: 1.
2024-03-05T21:52:36.225-05:00  INFO 14248 --- [    Test worker] c.x.s.a.s.BreedsServiceApplication       : Found 2 breeds matching the search.
2024-03-05T21:52:36.381-05:00  INFO 14248 --- [    Test worker] c.x.s.a.s.BreedsServiceApplication       : Fetching all breeds.
2024-03-05T21:52:36.382-05:00  INFO 14248 --- [    Test worker] c.x.s.a.s.BreedsServiceApplication       : Fetched 2 breeds successfully.
2024-03-05T21:52:36.388-05:00  INFO 14248 --- [    Test worker] c.x.s.a.s.BreedsServiceApplication       : Fetching breed by ID: 1.
2024-03-05T21:52:36.389-05:00  INFO 14248 --- [    Test worker] c.x.s.a.s.BreedsServiceApplication       : Fetched breed by ID 1: com.xpergroup.servicesCats.domain.models.Breed@705eb026
2024-03-05T21:52:36.397-05:00  INFO 14248 --- [    Test worker] c.x.s.a.s.BreedsServiceApplication       : Fetching breed by ID: nonexistent.
2024-03-05T21:52:36.397-05:00  WARN 14248 --- [    Test worker] c.x.s.a.s.BreedsServiceApplication       : Breed with ID nonexistent not found.
]]></system-out>
  <system-err><![CDATA[]]></system-err>
</testsuite>
