<?xml version="1.0" encoding="UTF-8"?>
<testsuite name="com.xpergroup.servicesCats.ServicesCatsApplicationTests" tests="1" skipped="0" failures="0" errors="0" timestamp="2024-03-06T02:52:35" hostname="DESKTOP-0TSEDKM" time="0.895">
  <properties/>
  <testcase name="contextLoads()" classname="com.xpergroup.servicesCats.ServicesCatsApplicationTests" time="0.895"/>
  <system-out><![CDATA[21:52:30.135 [Test worker] INFO org.springframework.test.context.support.AnnotationConfigContextLoaderUtils -- Could not detect default configuration classes for test class [com.xpergroup.servicesCats.ServicesCatsApplicationTests]: ServicesCatsApplicationTests does not declare any static, non-private, non-final, nested classes annotated with @Configuration.
21:52:30.310 [Test worker] INFO org.springframework.boot.test.context.SpringBootTestContextBootstrapper -- Found @SpringBootConfiguration com.xpergroup.servicesCats.ServicesCatsApplication for test class com.xpergroup.servicesCats.ServicesCatsApplicationTests

  .   ____          _            __ _ _
 /\\ / ___'_ __ _ _(_)_ __  __ _ \ \ \ \
( ( )\___ | '_ | '_| | '_ \/ _` | \ \ \ \
 \\/  ___)| |_)| | | | | || (_| |  ) ) ) )
  '  |____| .__|_| |_|_| |_\__, | / / / /
 =========|_|==============|___/=/_/_/_/
 :: Spring Boot ::                (v3.2.2)

2024-03-05T21:52:30.941-05:00  INFO 14248 --- [    Test worker] c.x.s.ServicesCatsApplicationTests       : Starting ServicesCatsApplicationTests using Java 17.0.8 with PID 14248 (started by codebits in C:\Users\codebits\Documents\cats_service)
2024-03-05T21:52:30.944-05:00  INFO 14248 --- [    Test worker] c.x.s.ServicesCatsApplicationTests       : No active profile set, falling back to 1 default profile: "default"
2024-03-05T21:52:31.942-05:00  INFO 14248 --- [    Test worker] .s.d.r.c.RepositoryConfigurationDelegate : Bootstrapping Spring Data JPA repositories in DEFAULT mode.
2024-03-05T21:52:31.998-05:00  INFO 14248 --- [    Test worker] .s.d.r.c.RepositoryConfigurationDelegate : Finished Spring Data repository scanning in 39 ms. Found 0 JPA repository interfaces.
2024-03-05T21:52:32.614-05:00  INFO 14248 --- [    Test worker] com.zaxxer.hikari.HikariDataSource       : HikariPool-1 - Starting...
2024-03-05T21:52:32.938-05:00  INFO 14248 --- [    Test worker] com.zaxxer.hikari.pool.HikariPool        : HikariPool-1 - Added connection conn0: url=jdbc:h2:mem:6bfea9f3-8887-4f89-ac82-ed1e5185adec user=SA
2024-03-05T21:52:32.940-05:00  INFO 14248 --- [    Test worker] com.zaxxer.hikari.HikariDataSource       : HikariPool-1 - Start completed.
2024-03-05T21:52:33.025-05:00  INFO 14248 --- [    Test worker] o.hibernate.jpa.internal.util.LogHelper  : HHH000204: Processing PersistenceUnitInfo [name: default]
2024-03-05T21:52:33.141-05:00  INFO 14248 --- [    Test worker] org.hibernate.Version                    : HHH000412: Hibernate ORM core version 6.4.1.Final
2024-03-05T21:52:33.208-05:00  INFO 14248 --- [    Test worker] o.h.c.internal.RegionFactoryInitiator    : HHH000026: Second-level cache disabled
2024-03-05T21:52:33.597-05:00  INFO 14248 --- [    Test worker] o.s.o.j.p.SpringPersistenceUnitInfo      : No LoadTimeWeaver setup: ignoring JPA class transformer
2024-03-05T21:52:34.189-05:00  INFO 14248 --- [    Test worker] o.h.e.t.j.p.i.JtaPlatformInitiator       : HHH000489: No JTA platform available (set 'hibernate.transaction.jta.platform' to enable JTA platform integration)
2024-03-05T21:52:34.197-05:00  INFO 14248 --- [    Test worker] j.LocalContainerEntityManagerFactoryBean : Initialized JPA EntityManagerFactory for persistence unit 'default'
2024-03-05T21:52:34.248-05:00  INFO 14248 --- [    Test worker] c.x.s.i.in.rest.BreedsController         : BreedsController initialized with UseCases.
2024-03-05T21:52:34.473-05:00  WARN 14248 --- [    Test worker] JpaBaseConfiguration$JpaWebConfiguration : spring.jpa.open-in-view is enabled by default. Therefore, database queries may be performed during view rendering. Explicitly configure spring.jpa.open-in-view to disable this warning
2024-03-05T21:52:35.086-05:00  INFO 14248 --- [    Test worker] c.x.s.ServicesCatsApplicationTests       : Started ServicesCatsApplicationTests in 4.496 seconds (process running for 6.255)
]]></system-out>
  <system-err><![CDATA[]]></system-err>
</testsuite>
